#
# There is insufficient memory for the Java Runtime Environment to continue.
# Native memory allocation (malloc) failed to allocate 46096 bytes for Chunk::new
# Possible reasons:
#   The system is out of physical RAM or swap space
#   The process is running with CompressedOops enabled, and the Java Heap may be blocking the growth of the native heap
# Possible solutions:
#   Reduce memory load on the system
#   Increase physical memory or swap space
#   Check if swap backing store is full
#   Decrease Java heap size (-Xmx/-Xms)
#   Decrease number of Java threads
#   Decrease Java thread stack sizes (-Xss)
#   Set larger code cache with -XX:ReservedCodeCacheSize=
#   JVM is running with Zero Based Compressed Oops mode in which the Java heap is
#     placed in the first 32GB address space. The Java Heap base address is the
#     maximum limit for the native heap growth. Please use -XX:HeapBaseMinAddress
#     to set the Java Heap base and to place the Java Heap above 32GB virtual address.
# This output file may be truncated or incomplete.
#
#  Out of Memory Error (./open/src/hotspot/share/memory/arena.cpp:195), pid=13696, tid=26096
#
# JRE version: OpenJDK Runtime Environment (15.0.2+7) (build 15.0.2+7-27)
# Java VM: OpenJDK 64-Bit Server VM (15.0.2+7-27, mixed mode, tiered, compressed oops, g1 gc, windows-amd64)
# No core dump will be written. Minidumps are not enabled by default on client versions of Windows
#

---------------  S U M M A R Y ------------

Command Line: -Dfile.encoding=Cp1252 --module-path=C:\Librerias\java-json.jar -XX:+ShowCodeDetailsInExceptionMessages ai.imagen.variable.generator.CustomSymlinkUI

Host: Intel(R) Core(TM) i9-9900K CPU @ 3.60GHz, 16 cores, 15G,  Windows 10 , 64 bit Build 19041 (10.0.19041.5072)
Time: Tue Dec  3 20:05:10 2024 Hora verano Sudamérica Pacífico elapsed time: 0.613428 seconds (0d 0h 0m 0s)

---------------  T H R E A D  ---------------

Current thread (0x0000027b0405d640):  JavaThread "C2 CompilerThread0" daemon [_thread_in_native, id=26096, stack(0x000000e217b00000,0x000000e217c00000)]


Current CompileTask:
C2:    613  897 % !   4       java.io.BufferedReader::readLine @ 131 (304 bytes)

Stack: [0x000000e217b00000,0x000000e217c00000]
Native frames: (J=compiled Java code, j=interpreted, Vv=VM code, C=native code)
V  [jvm.dll+0x62ae9a]
V  [jvm.dll+0x7817a9]
V  [jvm.dll+0x782f03]
V  [jvm.dll+0x783563]
V  [jvm.dll+0x216325]
V  [jvm.dll+0x97f3a]
V  [jvm.dll+0x9861c]
V  [jvm.dll+0x524c38]
V  [jvm.dll+0x2f76b9]
V  [jvm.dll+0x2f6a4a]
V  [jvm.dll+0x1ea705]
V  [jvm.dll+0x1e996e]
V  [jvm.dll+0x178567]
V  [jvm.dll+0x1f9225]
V  [jvm.dll+0x1f72cc]
V  [jvm.dll+0x74495d]
V  [jvm.dll+0x73d75a]
V  [jvm.dll+0x629c56]
C  [ucrtbase.dll+0x21bb2]
C  [KERNEL32.DLL+0x17374]
C  [ntdll.dll+0x4cc91]


---------------  P R O C E S S  ---------------

Threads class SMR info:
_java_thread_list=0x0000027b0bec0120, length=16, elements={
0x0000027b63c29570, 0x0000027b04025010, 0x0000027b040258d0, 0x0000027b040595c0,
0x0000027b0405bf90, 0x0000027b0405c950, 0x0000027b0405d640, 0x0000027b04069600,
0x0000027b040927e0, 0x0000027b0417b350, 0x0000027b7f438b10, 0x0000027b043671c0,
0x0000027b044f8fa0, 0x0000027b044f8130, 0x0000027b044f7790, 0x0000027b044f8ad0
}

Java Threads: ( => current thread )
  0x0000027b63c29570 JavaThread "main" [_thread_in_native, id=28428, stack(0x000000e216f00000,0x000000e217000000)]
  0x0000027b04025010 JavaThread "Reference Handler" daemon [_thread_blocked, id=46856, stack(0x000000e217600000,0x000000e217700000)]
  0x0000027b040258d0 JavaThread "Finalizer" daemon [_thread_blocked, id=46996, stack(0x000000e217700000,0x000000e217800000)]
  0x0000027b040595c0 JavaThread "Signal Dispatcher" daemon [_thread_blocked, id=11568, stack(0x000000e217800000,0x000000e217900000)]
  0x0000027b0405bf90 JavaThread "Attach Listener" daemon [_thread_blocked, id=9020, stack(0x000000e217900000,0x000000e217a00000)]
  0x0000027b0405c950 JavaThread "Service Thread" daemon [_thread_blocked, id=46396, stack(0x000000e217a00000,0x000000e217b00000)]
=>0x0000027b0405d640 JavaThread "C2 CompilerThread0" daemon [_thread_in_native, id=26096, stack(0x000000e217b00000,0x000000e217c00000)]
  0x0000027b04069600 JavaThread "C1 CompilerThread0" daemon [_thread_blocked, id=13092, stack(0x000000e217c00000,0x000000e217d00000)]
  0x0000027b040927e0 JavaThread "Sweeper thread" daemon [_thread_blocked, id=5556, stack(0x000000e217d00000,0x000000e217e00000)]
  0x0000027b0417b350 JavaThread "Common-Cleaner" daemon [_thread_blocked, id=6680, stack(0x000000e217e00000,0x000000e217f00000)]
  0x0000027b7f438b10 JavaThread "C1 CompilerThread1" daemon [_thread_blocked, id=31088, stack(0x000000e217f00000,0x000000e218000000)]
  0x0000027b043671c0 JavaThread "Notification Thread" daemon [_thread_blocked, id=42624, stack(0x000000e218100000,0x000000e218200000)]
  0x0000027b044f8fa0 JavaThread "Java2D Disposer" daemon [_thread_blocked, id=20980, stack(0x000000e218300000,0x000000e218400000)]
  0x0000027b044f8130 JavaThread "AWT-Shutdown" [_thread_blocked, id=41740, stack(0x000000e218400000,0x000000e218500000)]
  0x0000027b044f7790 JavaThread "AWT-Windows" daemon [_thread_in_native, id=25416, stack(0x000000e218500000,0x000000e218600000)]
  0x0000027b044f8ad0 JavaThread "AWT-EventQueue-0" [_thread_blocked, id=10572, stack(0x000000e218800000,0x000000e218900000)]

Other Threads:
  0x0000027b04011620 VMThread "VM Thread" [stack: 0x000000e217500000,0x000000e217600000] [id=46776]
  0x0000027b63c2a6a0 WatcherThread [stack: 0x000000e218200000,0x000000e218300000] [id=46780]
  0x0000027b63c7b920 GCTaskThread "GC Thread#0" [stack: 0x000000e217000000,0x000000e217100000] [id=46912]
  0x0000027b63c8e730 ConcurrentGCThread "G1 Main Marker" [stack: 0x000000e217100000,0x000000e217200000] [id=11128]
  0x0000027b63c8f230 ConcurrentGCThread "G1 Conc#0" [stack: 0x000000e217200000,0x000000e217300000] [id=23120]
  0x0000027b7f355990 ConcurrentGCThread "G1 Refine#0" [stack: 0x000000e217300000,0x000000e217400000] [id=11412]
  0x0000027b7f3564a0 ConcurrentGCThread "G1 Young RemSet Sampling" [stack: 0x000000e217400000,0x000000e217500000] [id=46508]

Threads with active compile tasks:
C2 CompilerThread0      637  897 % !   4       java.io.BufferedReader::readLine @ 131 (304 bytes)

VM state: not at safepoint (normal execution)

VM Mutex/Monitor currently owned by a thread: None

Heap address: 0x0000000702600000, size: 4058 MB, Compressed Oops mode: Zero based, Oop shift amount: 3
CDS disabled.
Compressed class space mapped at: 0x0000000800000000-0x0000000840000000, size: 1073741824
Narrow klass base: 0x0000000800000000, Narrow klass shift: 0, Narrow klass range: 0x40000000

GC Precious Log:
 CPUs: 16 total, 16 available
 Memory: 16231M
 Large Page Support: Disabled
 NUMA Support: Disabled
 Compressed Oops: Enabled (Zero based)
 Heap Region Size: 2M
 Heap Min Capacity: 8M
 Heap Initial Capacity: 254M
 Heap Max Capacity: 4058M
 Pre-touch: Disabled
 Parallel Workers: 13
 Concurrent Workers: 3
 Concurrent Refinement Workers: 13
 Periodic GC: Disabled

Heap:
 garbage-first heap   total 260096K, used 6144K [0x0000000702600000, 0x0000000800000000)
  region size 2048K, 4 young (8192K), 0 survivors (0K)
 Metaspace       used 15268K, capacity 15376K, committed 15488K, reserved 1064960K
  class space    used 1600K, capacity 1629K, committed 1664K, reserved 1048576K

Heap Regions: E=young(eden), S=young(survivor), O=old, HS=humongous(starts), HC=humongous(continues), CS=collection set, F=free, OA=open archive, CA=closed archive, TAMS=top-at-mark-start (previous, next)
|   0|0x0000000702600000, 0x0000000702600000, 0x0000000702800000|  0%| F|  |TAMS 0x0000000702600000, 0x0000000702600000| Untracked 
|   1|0x0000000702800000, 0x0000000702800000, 0x0000000702a00000|  0%| F|  |TAMS 0x0000000702800000, 0x0000000702800000| Untracked 
|   2|0x0000000702a00000, 0x0000000702a00000, 0x0000000702c00000|  0%| F|  |TAMS 0x0000000702a00000, 0x0000000702a00000| Untracked 
|   3|0x0000000702c00000, 0x0000000702c00000, 0x0000000702e00000|  0%| F|  |TAMS 0x0000000702c00000, 0x0000000702c00000| Untracked 
|   4|0x0000000702e00000, 0x0000000702e00000, 0x0000000703000000|  0%| F|  |TAMS 0x0000000702e00000, 0x0000000702e00000| Untracked 
|   5|0x0000000703000000, 0x0000000703000000, 0x0000000703200000|  0%| F|  |TAMS 0x0000000703000000, 0x0000000703000000| Untracked 
|   6|0x0000000703200000, 0x0000000703200000, 0x0000000703400000|  0%| F|  |TAMS 0x0000000703200000, 0x0000000703200000| Untracked 
|   7|0x0000000703400000, 0x0000000703400000, 0x0000000703600000|  0%| F|  |TAMS 0x0000000703400000, 0x0000000703400000| Untracked 
|   8|0x0000000703600000, 0x0000000703600000, 0x0000000703800000|  0%| F|  |TAMS 0x0000000703600000, 0x0000000703600000| Untracked 
|   9|0x0000000703800000, 0x0000000703800000, 0x0000000703a00000|  0%| F|  |TAMS 0x0000000703800000, 0x0000000703800000| Untracked 
|  10|0x0000000703a00000, 0x0000000703a00000, 0x0000000703c00000|  0%| F|  |TAMS 0x0000000703a00000, 0x0000000703a00000| Untracked 
|  11|0x0000000703c00000, 0x0000000703c00000, 0x0000000703e00000|  0%| F|  |TAMS 0x0000000703c00000, 0x0000000703c00000| Untracked 
|  12|0x0000000703e00000, 0x0000000703e00000, 0x0000000704000000|  0%| F|  |TAMS 0x0000000703e00000, 0x0000000703e00000| Untracked 
|  13|0x0000000704000000, 0x0000000704000000, 0x0000000704200000|  0%| F|  |TAMS 0x0000000704000000, 0x0000000704000000| Untracked 
|  14|0x0000000704200000, 0x0000000704200000, 0x0000000704400000|  0%| F|  |TAMS 0x0000000704200000, 0x0000000704200000| Untracked 
|  15|0x0000000704400000, 0x0000000704400000, 0x0000000704600000|  0%| F|  |TAMS 0x0000000704400000, 0x0000000704400000| Untracked 
|  16|0x0000000704600000, 0x0000000704600000, 0x0000000704800000|  0%| F|  |TAMS 0x0000000704600000, 0x0000000704600000| Untracked 
|  17|0x0000000704800000, 0x0000000704800000, 0x0000000704a00000|  0%| F|  |TAMS 0x0000000704800000, 0x0000000704800000| Untracked 
|  18|0x0000000704a00000, 0x0000000704a00000, 0x0000000704c00000|  0%| F|  |TAMS 0x0000000704a00000, 0x0000000704a00000| Untracked 
|  19|0x0000000704c00000, 0x0000000704c00000, 0x0000000704e00000|  0%| F|  |TAMS 0x0000000704c00000, 0x0000000704c00000| Untracked 
|  20|0x0000000704e00000, 0x0000000704e00000, 0x0000000705000000|  0%| F|  |TAMS 0x0000000704e00000, 0x0000000704e00000| Untracked 
|  21|0x0000000705000000, 0x0000000705000000, 0x0000000705200000|  0%| F|  |TAMS 0x0000000705000000, 0x0000000705000000| Untracked 
|  22|0x0000000705200000, 0x0000000705200000, 0x0000000705400000|  0%| F|  |TAMS 0x0000000705200000, 0x0000000705200000| Untracked 
|  23|0x0000000705400000, 0x0000000705400000, 0x0000000705600000|  0%| F|  |TAMS 0x0000000705400000, 0x0000000705400000| Untracked 
|  24|0x0000000705600000, 0x0000000705600000, 0x0000000705800000|  0%| F|  |TAMS 0x0000000705600000, 0x0000000705600000| Untracked 
|  25|0x0000000705800000, 0x0000000705800000, 0x0000000705a00000|  0%| F|  |TAMS 0x0000000705800000, 0x0000000705800000| Untracked 
|  26|0x0000000705a00000, 0x0000000705a00000, 0x0000000705c00000|  0%| F|  |TAMS 0x0000000705a00000, 0x0000000705a00000| Untracked 
|  27|0x0000000705c00000, 0x0000000705c00000, 0x0000000705e00000|  0%| F|  |TAMS 0x0000000705c00000, 0x0000000705c00000| Untracked 
|  28|0x0000000705e00000, 0x0000000705e00000, 0x0000000706000000|  0%| F|  |TAMS 0x0000000705e00000, 0x0000000705e00000| Untracked 
|  29|0x0000000706000000, 0x0000000706000000, 0x0000000706200000|  0%| F|  |TAMS 0x0000000706000000, 0x0000000706000000| Untracked 
|  30|0x0000000706200000, 0x0000000706200000, 0x0000000706400000|  0%| F|  |TAMS 0x0000000706200000, 0x0000000706200000| Untracked 
|  31|0x0000000706400000, 0x0000000706400000, 0x0000000706600000|  0%| F|  |TAMS 0x0000000706400000, 0x0000000706400000| Untracked 
|  32|0x0000000706600000, 0x0000000706600000, 0x0000000706800000|  0%| F|  |TAMS 0x0000000706600000, 0x0000000706600000| Untracked 
|  33|0x0000000706800000, 0x0000000706800000, 0x0000000706a00000|  0%| F|  |TAMS 0x0000000706800000, 0x0000000706800000| Untracked 
|  34|0x0000000706a00000, 0x0000000706a00000, 0x0000000706c00000|  0%| F|  |TAMS 0x0000000706a00000, 0x0000000706a00000| Untracked 
|  35|0x0000000706c00000, 0x0000000706c00000, 0x0000000706e00000|  0%| F|  |TAMS 0x0000000706c00000, 0x0000000706c00000| Untracked 
|  36|0x0000000706e00000, 0x0000000706e00000, 0x0000000707000000|  0%| F|  |TAMS 0x0000000706e00000, 0x0000000706e00000| Untracked 
|  37|0x0000000707000000, 0x0000000707000000, 0x0000000707200000|  0%| F|  |TAMS 0x0000000707000000, 0x0000000707000000| Untracked 
|  38|0x0000000707200000, 0x0000000707200000, 0x0000000707400000|  0%| F|  |TAMS 0x0000000707200000, 0x0000000707200000| Untracked 
|  39|0x0000000707400000, 0x0000000707400000, 0x0000000707600000|  0%| F|  |TAMS 0x0000000707400000, 0x0000000707400000| Untracked 
|  40|0x0000000707600000, 0x0000000707600000, 0x0000000707800000|  0%| F|  |TAMS 0x0000000707600000, 0x0000000707600000| Untracked 
|  41|0x0000000707800000, 0x0000000707800000, 0x0000000707a00000|  0%| F|  |TAMS 0x0000000707800000, 0x0000000707800000| Untracked 
|  42|0x0000000707a00000, 0x0000000707a00000, 0x0000000707c00000|  0%| F|  |TAMS 0x0000000707a00000, 0x0000000707a00000| Untracked 
|  43|0x0000000707c00000, 0x0000000707c00000, 0x0000000707e00000|  0%| F|  |TAMS 0x0000000707c00000, 0x0000000707c00000| Untracked 
|  44|0x0000000707e00000, 0x0000000707e00000, 0x0000000708000000|  0%| F|  |TAMS 0x0000000707e00000, 0x0000000707e00000| Untracked 
|  45|0x0000000708000000, 0x0000000708000000, 0x0000000708200000|  0%| F|  |TAMS 0x0000000708000000, 0x0000000708000000| Untracked 
|  46|0x0000000708200000, 0x0000000708200000, 0x0000000708400000|  0%| F|  |TAMS 0x0000000708200000, 0x0000000708200000| Untracked 
|  47|0x0000000708400000, 0x0000000708400000, 0x0000000708600000|  0%| F|  |TAMS 0x0000000708400000, 0x0000000708400000| Untracked 
|  48|0x0000000708600000, 0x0000000708600000, 0x0000000708800000|  0%| F|  |TAMS 0x0000000708600000, 0x0000000708600000| Untracked 
|  49|0x0000000708800000, 0x0000000708800000, 0x0000000708a00000|  0%| F|  |TAMS 0x0000000708800000, 0x0000000708800000| Untracked 
|  50|0x0000000708a00000, 0x0000000708a00000, 0x0000000708c00000|  0%| F|  |TAMS 0x0000000708a00000, 0x0000000708a00000| Untracked 
|  51|0x0000000708c00000, 0x0000000708c00000, 0x0000000708e00000|  0%| F|  |TAMS 0x0000000708c00000, 0x0000000708c00000| Untracked 
|  52|0x0000000708e00000, 0x0000000708e00000, 0x0000000709000000|  0%| F|  |TAMS 0x0000000708e00000, 0x0000000708e00000| Untracked 
|  53|0x0000000709000000, 0x0000000709000000, 0x0000000709200000|  0%| F|  |TAMS 0x0000000709000000, 0x0000000709000000| Untracked 
|  54|0x0000000709200000, 0x0000000709200000, 0x0000000709400000|  0%| F|  |TAMS 0x0000000709200000, 0x0000000709200000| Untracked 
|  55|0x0000000709400000, 0x0000000709400000, 0x0000000709600000|  0%| F|  |TAMS 0x0000000709400000, 0x0000000709400000| Untracked 
|  56|0x0000000709600000, 0x0000000709600000, 0x0000000709800000|  0%| F|  |TAMS 0x0000000709600000, 0x0000000709600000| Untracked 
|  57|0x0000000709800000, 0x0000000709800000, 0x0000000709a00000|  0%| F|  |TAMS 0x0000000709800000, 0x0000000709800000| Untracked 
|  58|0x0000000709a00000, 0x0000000709a00000, 0x0000000709c00000|  0%| F|  |TAMS 0x0000000709a00000, 0x0000000709a00000| Untracked 
|  59|0x0000000709c00000, 0x0000000709c00000, 0x0000000709e00000|  0%| F|  |TAMS 0x0000000709c00000, 0x0000000709c00000| Untracked 
|  60|0x0000000709e00000, 0x0000000709e00000, 0x000000070a000000|  0%| F|  |TAMS 0x0000000709e00000, 0x0000000709e00000| Untracked 
|  61|0x000000070a000000, 0x000000070a000000, 0x000000070a200000|  0%| F|  |TAMS 0x000000070a000000, 0x000000070a000000| Untracked 
|  62|0x000000070a200000, 0x000000070a200000, 0x000000070a400000|  0%| F|  |TAMS 0x000000070a200000, 0x000000070a200000| Untracked 
|  63|0x000000070a400000, 0x000000070a400000, 0x000000070a600000|  0%| F|  |TAMS 0x000000070a400000, 0x000000070a400000| Untracked 
|  64|0x000000070a600000, 0x000000070a600000, 0x000000070a800000|  0%| F|  |TAMS 0x000000070a600000, 0x000000070a600000| Untracked 
|  65|0x000000070a800000, 0x000000070a800000, 0x000000070aa00000|  0%| F|  |TAMS 0x000000070a800000, 0x000000070a800000| Untracked 
|  66|0x000000070aa00000, 0x000000070aa00000, 0x000000070ac00000|  0%| F|  |TAMS 0x000000070aa00000, 0x000000070aa00000| Untracked 
|  67|0x000000070ac00000, 0x000000070ac00000, 0x000000070ae00000|  0%| F|  |TAMS 0x000000070ac00000, 0x000000070ac00000| Untracked 
|  68|0x000000070ae00000, 0x000000070ae00000, 0x000000070b000000|  0%| F|  |TAMS 0x000000070ae00000, 0x000000070ae00000| Untracked 
|  69|0x000000070b000000, 0x000000070b000000, 0x000000070b200000|  0%| F|  |TAMS 0x000000070b000000, 0x000000070b000000| Untracked 
|  70|0x000000070b200000, 0x000000070b200000, 0x000000070b400000|  0%| F|  |TAMS 0x000000070b200000, 0x000000070b200000| Untracked 
|  71|0x000000070b400000, 0x000000070b400000, 0x000000070b600000|  0%| F|  |TAMS 0x000000070b400000, 0x000000070b400000| Untracked 
|  72|0x000000070b600000, 0x000000070b600000, 0x000000070b800000|  0%| F|  |TAMS 0x000000070b600000, 0x000000070b600000| Untracked 
|  73|0x000000070b800000, 0x000000070b800000, 0x000000070ba00000|  0%| F|  |TAMS 0x000000070b800000, 0x000000070b800000| Untracked 
|  74|0x000000070ba00000, 0x000000070ba00000, 0x000000070bc00000|  0%| F|  |TAMS 0x000000070ba00000, 0x000000070ba00000| Untracked 
|  75|0x000000070bc00000, 0x000000070bc00000, 0x000000070be00000|  0%| F|  |TAMS 0x000000070bc00000, 0x000000070bc00000| Untracked 
|  76|0x000000070be00000, 0x000000070be00000, 0x000000070c000000|  0%| F|  |TAMS 0x000000070be00000, 0x000000070be00000| Untracked 
|  77|0x000000070c000000, 0x000000070c000000, 0x000000070c200000|  0%| F|  |TAMS 0x000000070c000000, 0x000000070c000000| Untracked 
|  78|0x000000070c200000, 0x000000070c200000, 0x000000070c400000|  0%| F|  |TAMS 0x000000070c200000, 0x000000070c200000| Untracked 
|  79|0x000000070c400000, 0x000000070c400000, 0x000000070c600000|  0%| F|  |TAMS 0x000000070c400000, 0x000000070c400000| Untracked 
|  80|0x000000070c600000, 0x000000070c600000, 0x000000070c800000|  0%| F|  |TAMS 0x000000070c600000, 0x000000070c600000| Untracked 
|  81|0x000000070c800000, 0x000000070c800000, 0x000000070ca00000|  0%| F|  |TAMS 0x000000070c800000, 0x000000070c800000| Untracked 
|  82|0x000000070ca00000, 0x000000070ca00000, 0x000000070cc00000|  0%| F|  |TAMS 0x000000070ca00000, 0x000000070ca00000| Untracked 
|  83|0x000000070cc00000, 0x000000070cc00000, 0x000000070ce00000|  0%| F|  |TAMS 0x000000070cc00000, 0x000000070cc00000| Untracked 
|  84|0x000000070ce00000, 0x000000070ce00000, 0x000000070d000000|  0%| F|  |TAMS 0x000000070ce00000, 0x000000070ce00000| Untracked 
|  85|0x000000070d000000, 0x000000070d000000, 0x000000070d200000|  0%| F|  |TAMS 0x000000070d000000, 0x000000070d000000| Untracked 
|  86|0x000000070d200000, 0x000000070d200000, 0x000000070d400000|  0%| F|  |TAMS 0x000000070d200000, 0x000000070d200000| Untracked 
|  87|0x000000070d400000, 0x000000070d400000, 0x000000070d600000|  0%| F|  |TAMS 0x000000070d400000, 0x000000070d400000| Untracked 
|  88|0x000000070d600000, 0x000000070d600000, 0x000000070d800000|  0%| F|  |TAMS 0x000000070d600000, 0x000000070d600000| Untracked 
|  89|0x000000070d800000, 0x000000070d800000, 0x000000070da00000|  0%| F|  |TAMS 0x000000070d800000, 0x000000070d800000| Untracked 
|  90|0x000000070da00000, 0x000000070da00000, 0x000000070dc00000|  0%| F|  |TAMS 0x000000070da00000, 0x000000070da00000| Untracked 
|  91|0x000000070dc00000, 0x000000070dc00000, 0x000000070de00000|  0%| F|  |TAMS 0x000000070dc00000, 0x000000070dc00000| Untracked 
|  92|0x000000070de00000, 0x000000070de00000, 0x000000070e000000|  0%| F|  |TAMS 0x000000070de00000, 0x000000070de00000| Untracked 
|  93|0x000000070e000000, 0x000000070e000000, 0x000000070e200000|  0%| F|  |TAMS 0x000000070e000000, 0x000000070e000000| Untracked 
|  94|0x000000070e200000, 0x000000070e200000, 0x000000070e400000|  0%| F|  |TAMS 0x000000070e200000, 0x000000070e200000| Untracked 
|  95|0x000000070e400000, 0x000000070e400000, 0x000000070e600000|  0%| F|  |TAMS 0x000000070e400000, 0x000000070e400000| Untracked 
|  96|0x000000070e600000, 0x000000070e600000, 0x000000070e800000|  0%| F|  |TAMS 0x000000070e600000, 0x000000070e600000| Untracked 
|  97|0x000000070e800000, 0x000000070e800000, 0x000000070ea00000|  0%| F|  |TAMS 0x000000070e800000, 0x000000070e800000| Untracked 
|  98|0x000000070ea00000, 0x000000070ea00000, 0x000000070ec00000|  0%| F|  |TAMS 0x000000070ea00000, 0x000000070ea00000| Untracked 
|  99|0x000000070ec00000, 0x000000070ec00000, 0x000000070ee00000|  0%| F|  |TAMS 0x000000070ec00000, 0x000000070ec00000| Untracked 
| 100|0x000000070ee00000, 0x000000070ee00000, 0x000000070f000000|  0%| F|  |TAMS 0x000000070ee00000, 0x000000070ee00000| Untracked 
| 101|0x000000070f000000, 0x000000070f000000, 0x000000070f200000|  0%| F|  |TAMS 0x000000070f000000, 0x000000070f000000| Untracked 
| 102|0x000000070f200000, 0x000000070f200000, 0x000000070f400000|  0%| F|  |TAMS 0x000000070f200000, 0x000000070f200000| Untracked 
| 103|0x000000070f400000, 0x000000070f400000, 0x000000070f600000|  0%| F|  |TAMS 0x000000070f400000, 0x000000070f400000| Untracked 
| 104|0x000000070f600000, 0x000000070f600000, 0x000000070f800000|  0%| F|  |TAMS 0x000000070f600000, 0x000000070f600000| Untracked 
| 105|0x000000070f800000, 0x000000070f800000, 0x000000070fa00000|  0%| F|  |TAMS 0x000000070f800000, 0x000000070f800000| Untracked 
| 106|0x000000070fa00000, 0x000000070fa00000, 0x000000070fc00000|  0%| F|  |TAMS 0x000000070fa00000, 0x000000070fa00000| Untracked 
| 107|0x000000070fc00000, 0x000000070fc00000, 0x000000070fe00000|  0%| F|  |TAMS 0x000000070fc00000, 0x000000070fc00000| Untracked 
| 108|0x000000070fe00000, 0x000000070fe00000, 0x0000000710000000|  0%| F|  |TAMS 0x000000070fe00000, 0x000000070fe00000| Untracked 
| 109|0x0000000710000000, 0x0000000710000000, 0x0000000710200000|  0%| F|  |TAMS 0x0000000710000000, 0x0000000710000000| Untracked 
| 110|0x0000000710200000, 0x0000000710200000, 0x0000000710400000|  0%| F|  |TAMS 0x0000000710200000, 0x0000000710200000| Untracked 
| 111|0x0000000710400000, 0x0000000710400000, 0x0000000710600000|  0%| F|  |TAMS 0x0000000710400000, 0x0000000710400000| Untracked 
| 112|0x0000000710600000, 0x0000000710600000, 0x0000000710800000|  0%| F|  |TAMS 0x0000000710600000, 0x0000000710600000| Untracked 
| 113|0x0000000710800000, 0x0000000710800000, 0x0000000710a00000|  0%| F|  |TAMS 0x0000000710800000, 0x0000000710800000| Untracked 
| 114|0x0000000710a00000, 0x0000000710a00000, 0x0000000710c00000|  0%| F|  |TAMS 0x0000000710a00000, 0x0000000710a00000| Untracked 
| 115|0x0000000710c00000, 0x0000000710c00000, 0x0000000710e00000|  0%| F|  |TAMS 0x0000000710c00000, 0x0000000710c00000| Untracked 
| 116|0x0000000710e00000, 0x0000000710e00000, 0x0000000711000000|  0%| F|  |TAMS 0x0000000710e00000, 0x0000000710e00000| Untracked 
| 117|0x0000000711000000, 0x0000000711000000, 0x0000000711200000|  0%| F|  |TAMS 0x0000000711000000, 0x0000000711000000| Untracked 
| 118|0x0000000711200000, 0x0000000711200000, 0x0000000711400000|  0%| F|  |TAMS 0x0000000711200000, 0x0000000711200000| Untracked 
| 119|0x0000000711400000, 0x0000000711400000, 0x0000000711600000|  0%| F|  |TAMS 0x0000000711400000, 0x0000000711400000| Untracked 
| 120|0x0000000711600000, 0x0000000711600000, 0x0000000711800000|  0%| F|  |TAMS 0x0000000711600000, 0x0000000711600000| Untracked 
| 121|0x0000000711800000, 0x0000000711800000, 0x0000000711a00000|  0%| F|  |TAMS 0x0000000711800000, 0x0000000711800000| Untracked 
| 122|0x0000000711a00000, 0x0000000711a00000, 0x0000000711c00000|  0%| F|  |TAMS 0x0000000711a00000, 0x0000000711a00000| Untracked 
| 123|0x0000000711c00000, 0x0000000711d52788, 0x0000000711e00000| 66%| E|  |TAMS 0x0000000711c00000, 0x0000000711c00000| Complete 
| 124|0x0000000711e00000, 0x0000000712000000, 0x0000000712000000|100%| E|CS|TAMS 0x0000000711e00000, 0x0000000711e00000| Complete 
| 125|0x0000000712000000, 0x0000000712200000, 0x0000000712200000|100%| E|CS|TAMS 0x0000000712000000, 0x0000000712000000| Complete 
| 126|0x0000000712200000, 0x0000000712400000, 0x0000000712400000|100%| E|CS|TAMS 0x0000000712200000, 0x0000000712200000| Complete 

Card table byte_map: [0x0000027b776c0000,0x0000027b77eb0000] _byte_map_base: 0x0000027b73ead000

Marking Bits (Prev, Next): (CMBitMap*) 0x0000027b63c7d030, (CMBitMap*) 0x0000027b63c7d070
 Prev Bits: [0x0000027b786a0000, 0x0000027b7c608000)
 Next Bits: [0x0000027b00000000, 0x0000027b03f68000)

Polling page: 0x0000027b61ae0000

Metaspace:

Usage:
  Non-class:     13.49 MB capacity,    13.40 MB (>99%) used,    77.38 KB ( <1%) free+waste,    16.06 KB ( <1%) overhead. 
      Class:      1.62 MB capacity,     1.57 MB ( 97%) used,    45.97 KB (  3%) free+waste,     5.81 KB ( <1%) overhead. 
       Both:     15.11 MB capacity,    14.97 MB (>99%) used,   123.35 KB ( <1%) free+waste,    21.88 KB ( <1%) overhead. 

Virtual space:
  Non-class space:       16.00 MB reserved,      13.50 MB ( 84%) committed 
      Class space:        1.00 GB reserved,       1.62 MB ( <1%) committed 
             Both:        1.02 GB reserved,      15.12 MB (  1%) committed 

Chunk freelists:
   Non-Class:  13.00 KB
       Class:  3.00 KB
        Both:  16.00 KB

MaxMetaspaceSize: 17179869184.00 GB
CompressedClassSpaceSize: 1.00 GB

CodeHeap 'non-profiled nmethods': size=119168Kb used=249Kb max_used=249Kb free=118918Kb
 bounds [0x0000027b6f1e0000, 0x0000027b6f450000, 0x0000027b76640000]
CodeHeap 'profiled nmethods': size=119104Kb used=1460Kb max_used=1460Kb free=117643Kb
 bounds [0x0000027b67d90000, 0x0000027b68000000, 0x0000027b6f1e0000]
CodeHeap 'non-nmethods': size=7488Kb used=1811Kb max_used=1827Kb free=5676Kb
 bounds [0x0000027b67640000, 0x0000027b678b0000, 0x0000027b67d90000]
 total_blobs=1454 nmethods=922 adapters=444
 compilation: enabled
              stopped_count=0, restarted_count=0
 full_count=0

Compilation events (20 events):
Event: 0.603 Thread 0x0000027b0405d640  897 % !   4       java.io.BufferedReader::readLine @ 131 (304 bytes)
Event: 0.603 Thread 0x0000027b04069600 nmethod 898% 0x0000027b67ee4f10 code [0x0000027b67ee5720, 0x0000027b67eea6a8]
Event: 0.603 Thread 0x0000027b7f438b10  901       3       sun.nio.cs.UTF_8$Decoder::decodeArrayLoop (691 bytes)
Event: 0.604 Thread 0x0000027b04069600  902       3       javax.swing.text.AbstractDocument::getDocumentProperties (24 bytes)
Event: 0.604 Thread 0x0000027b04069600 nmethod 902 0x0000027b67eebf90 code [0x0000027b67eec160, 0x0000027b67eec428]
Event: 0.605 Thread 0x0000027b7f438b10 nmethod 901 0x0000027b67eec510 code [0x0000027b67eecd60, 0x0000027b67ef2108]
Event: 0.608 Thread 0x0000027b04069600  903       3       java.lang.Integer::hashCode (8 bytes)
Event: 0.608 Thread 0x0000027b7f438b10  904       3       java.lang.Integer::hashCode (2 bytes)
Event: 0.608 Thread 0x0000027b04069600 nmethod 903 0x0000027b67ef3a10 code [0x0000027b67ef3ba0, 0x0000027b67ef3cf8]
Event: 0.608 Thread 0x0000027b7f438b10 nmethod 904 0x0000027b67ef3d90 code [0x0000027b67ef3f20, 0x0000027b67ef3ff8]
Event: 0.608 Thread 0x0000027b04069600  905   !   3       sun.font.TrueTypeFont::readBlock (380 bytes)
Event: 0.608 Thread 0x0000027b7f438b10  906       3       java.nio.MappedByteBuffer::clear (5 bytes)
Event: 0.608 Thread 0x0000027b7f438b10 nmethod 906 0x0000027b67ef4090 code [0x0000027b67ef4240, 0x0000027b67ef4478]
Event: 0.608 Thread 0x0000027b7f438b10  907       3       java.nio.MappedByteBuffer::clear (7 bytes)
Event: 0.608 Thread 0x0000027b7f438b10 nmethod 907 0x0000027b67ef4590 code [0x0000027b67ef4740, 0x0000027b67ef4918]
Event: 0.608 Thread 0x0000027b7f438b10  908       3       java.nio.ByteBuffer::clear (7 bytes)
Event: 0.608 Thread 0x0000027b7f438b10 nmethod 908 0x0000027b67ef4a10 code [0x0000027b67ef4ba0, 0x0000027b67ef4d18]
Event: 0.608 Thread 0x0000027b7f438b10  909       3       java.nio.Buffer::clear (20 bytes)
Event: 0.608 Thread 0x0000027b7f438b10 nmethod 909 0x0000027b67ef4e10 code [0x0000027b67ef4fa0, 0x0000027b67ef50b8]
Event: 0.609 Thread 0x0000027b04069600 nmethod 905 0x0000027b67ef5190 code [0x0000027b67ef5600, 0x0000027b67ef79d8]

GC Heap History (0 events):
No events

Deoptimization events (20 events):
Event: 0.531 Thread 0x0000027b63c29570 Uncommon trap: trap_request=0xffffffc6 fr.pc=0x0000027b6f20b6c4 relative=0x0000000000000b44
Event: 0.531 Thread 0x0000027b63c29570 Uncommon trap: reason=bimorphic_or_optimized_type_check action=maybe_recompile pc=0x0000027b6f20b6c4 method=java.util.HashMap.putVal(ILjava/lang/Object;Ljava/lang/Object;ZZ)Ljava/lang/Object; @ 152 c2
Event: 0.531 Thread 0x0000027b63c29570 DEOPT PACKING pc=0x0000027b6f20b6c4 sp=0x000000e216ffd040
Event: 0.531 Thread 0x0000027b63c29570 DEOPT UNPACKING pc=0x0000027b6768e42f sp=0x000000e216ffcfc0 mode 2
Event: 0.531 Thread 0x0000027b63c29570 Uncommon trap: trap_request=0xffffffc6 fr.pc=0x0000027b6f20b6c4 relative=0x0000000000000b44
Event: 0.531 Thread 0x0000027b63c29570 Uncommon trap: reason=bimorphic_or_optimized_type_check action=maybe_recompile pc=0x0000027b6f20b6c4 method=java.util.HashMap.putVal(ILjava/lang/Object;Ljava/lang/Object;ZZ)Ljava/lang/Object; @ 152 c2
Event: 0.531 Thread 0x0000027b63c29570 DEOPT PACKING pc=0x0000027b6f20b6c4 sp=0x000000e216ffd040
Event: 0.531 Thread 0x0000027b63c29570 DEOPT UNPACKING pc=0x0000027b6768e42f sp=0x000000e216ffcfc0 mode 2
Event: 0.531 Thread 0x0000027b63c29570 Uncommon trap: trap_request=0xffffffc6 fr.pc=0x0000027b6f20b6c4 relative=0x0000000000000b44
Event: 0.531 Thread 0x0000027b63c29570 Uncommon trap: reason=bimorphic_or_optimized_type_check action=maybe_recompile pc=0x0000027b6f20b6c4 method=java.util.HashMap.putVal(ILjava/lang/Object;Ljava/lang/Object;ZZ)Ljava/lang/Object; @ 152 c2
Event: 0.531 Thread 0x0000027b63c29570 DEOPT PACKING pc=0x0000027b6f20b6c4 sp=0x000000e216ffd040
Event: 0.531 Thread 0x0000027b63c29570 DEOPT UNPACKING pc=0x0000027b6768e42f sp=0x000000e216ffcfc0 mode 2
Event: 0.531 Thread 0x0000027b63c29570 Uncommon trap: trap_request=0xffffffc6 fr.pc=0x0000027b6f20b6c4 relative=0x0000000000000b44
Event: 0.531 Thread 0x0000027b63c29570 Uncommon trap: reason=bimorphic_or_optimized_type_check action=maybe_recompile pc=0x0000027b6f20b6c4 method=java.util.HashMap.putVal(ILjava/lang/Object;Ljava/lang/Object;ZZ)Ljava/lang/Object; @ 152 c2
Event: 0.531 Thread 0x0000027b63c29570 DEOPT PACKING pc=0x0000027b6f20b6c4 sp=0x000000e216ffd040
Event: 0.531 Thread 0x0000027b63c29570 DEOPT UNPACKING pc=0x0000027b6768e42f sp=0x000000e216ffcfc0 mode 2
Event: 0.603 Thread 0x0000027b63c29570 DEOPT PACKING pc=0x0000027b67de417b sp=0x000000e216ffed60
Event: 0.603 Thread 0x0000027b63c29570 DEOPT UNPACKING pc=0x0000027b6768e23f sp=0x000000e216ffe1d0 mode 0
Event: 0.603 Thread 0x0000027b63c29570 DEOPT PACKING pc=0x0000027b67de417b sp=0x000000e216ffed60
Event: 0.603 Thread 0x0000027b63c29570 DEOPT UNPACKING pc=0x0000027b6768e23f sp=0x000000e216ffe1d0 mode 0

Classes unloaded (0 events):
No events

Classes redefined (0 events):
No events

Internal exceptions (12 events):
Event: 0.127 Thread 0x0000027b63c29570 Exception <a 'java/lang/NoSuchMethodError'{0x00000007120b1298}: 'void java.lang.invoke.DirectMethodHandle$Holder.invokeSpecial(java.lang.Object, java.lang.Object, java.lang.Object)'> (0x00000007120b1298) 
thrown [./open/src/hotspot/share/interpreter/linkResolver.cpp, line 782]
Event: 0.135 Thread 0x0000027b63c29570 Exception <a 'java/lang/ClassNotFoundException'{0x00000007120c7478}: sun/awt/resources/spi/awtProvider> (0x00000007120c7478) 
thrown [./open/src/hotspot/share/classfile/systemDictionary.cpp, line 295]
Event: 0.150 Thread 0x0000027b63c29570 Exception <a 'java/io/FileNotFoundException'{0x000000071211d6f8}> (0x000000071211d6f8) 
thrown [./open/src/hotspot/share/prims/jni.cpp, line 578]
Event: 0.155 Thread 0x0000027b63c29570 Exception <a 'java/io/FileNotFoundException'{0x000000071214c108}> (0x000000071214c108) 
thrown [./open/src/hotspot/share/prims/jni.cpp, line 578]
Event: 0.155 Thread 0x0000027b63c29570 Exception <a 'java/lang/NoSuchMethodError'{0x000000071214d370}: 'java.lang.Object java.lang.invoke.DirectMethodHandle$Holder.invokeStatic(java.lang.Object)'> (0x000000071214d370) 
thrown [./open/src/hotspot/share/interpreter/linkResolver.cpp, line 782]
Event: 0.187 Thread 0x0000027b63c29570 Exception <a 'java/lang/NoSuchMethodError'{0x0000000712192968}: 'java.lang.Object java.lang.invoke.DirectMethodHandle$Holder.invokeStaticInit(java.lang.Object)'> (0x0000000712192968) 
thrown [./open/src/hotspot/share/interpreter/linkResolver.cpp, line 782]
Event: 0.449 Thread 0x0000027b63c29570 Exception <a 'java/lang/NoSuchMethodError'{0x0000000711e415d0}: 'java.lang.Object java.lang.invoke.DirectMethodHandle$Holder.newInvokeSpecial(java.lang.Object, java.lang.Object, java.lang.Object, java.lang.Object, java.lang.Object)'> (0x0000000711e415d0) 
thrown [./open/src/hotspot/share/interpreter/linkResolver.cpp, line 782]
Event: 0.450 Thread 0x0000027b63c29570 Exception <a 'java/lang/NoSuchMethodError'{0x0000000711e4d060}: 'java.lang.Object java.lang.invoke.DirectMethodHandle$Holder.invokeStatic(java.lang.Object, int, java.lang.Object, java.lang.Object, java.lang.Object, java.lang.Object)'> (0x0000000711e4d060) 
thrown [./open/src/hotspot/share/interpreter/linkResolver.cpp, line 782]
Event: 0.452 Thread 0x0000027b63c29570 Exception <a 'java/lang/NoSuchMethodError'{0x0000000711e73aa0}: 'java.lang.Object java.lang.invoke.DirectMethodHandle$Holder.invokeStatic(java.lang.Object, int, java.lang.Object)'> (0x0000000711e73aa0) 
thrown [./open/src/hotspot/share/interpreter/linkResolver.cpp, line 782]
Event: 0.465 Thread 0x0000027b63c29570 Exception <a 'java/lang/ClassNotFoundException'{0x0000000711f2b2a0}: com/sun/swing/internal/plaf/metal/resources/spi/metalProvider> (0x0000000711f2b2a0) 
thrown [./open/src/hotspot/share/classfile/systemDictionary.cpp, line 295]
Event: 0.466 Thread 0x0000027b63c29570 Exception <a 'java/lang/ClassNotFoundException'{0x0000000711f2f418}: com/sun/swing/internal/plaf/basic/resources/spi/basicProvider> (0x0000000711f2f418) 
thrown [./open/src/hotspot/share/classfile/systemDictionary.cpp, line 295]
Event: 0.491 Thread 0x0000027b63c29570 Exception <a 'java/lang/NoSuchMethodError'{0x0000000711f6ccb0}: 'void java.lang.invoke.DirectMethodHandle$Holder.invokeStatic(java.lang.Object, java.lang.Object)'> (0x0000000711f6ccb0) 
thrown [./open/src/hotspot/share/interpreter/linkResolver.cpp, line 782]

Events (20 events):
Event: 0.599 loading class java/nio/channels/SelectableChannel
Event: 0.599 loading class java/nio/channels/SelectableChannel done
Event: 0.603 loading class java/util/ArrayList$SubList
Event: 0.604 loading class java/util/ArrayList$SubList done
Event: 0.604 loading class javax/swing/text/GapContent$InsertUndo
Event: 0.604 loading class javax/swing/undo/AbstractUndoableEdit
Event: 0.604 loading class javax/swing/undo/UndoableEdit
Event: 0.604 loading class javax/swing/undo/UndoableEdit done
Event: 0.604 loading class javax/swing/undo/AbstractUndoableEdit done
Event: 0.604 loading class javax/swing/text/GapContent$InsertUndo done
Event: 0.604 loading class javax/swing/text/AbstractDocument$DefaultDocumentEvent
Event: 0.604 loading class javax/swing/event/DocumentEvent
Event: 0.604 loading class javax/swing/event/DocumentEvent done
Event: 0.604 loading class javax/swing/undo/CompoundEdit
Event: 0.604 loading class javax/swing/undo/CompoundEdit done
Event: 0.604 loading class javax/swing/text/AbstractDocument$DefaultDocumentEvent done
Event: 0.604 loading class javax/swing/event/DocumentEvent$EventType
Event: 0.604 loading class javax/swing/event/DocumentEvent$EventType done
Event: 0.604 loading class javax/swing/event/DocumentEvent$ElementChange
Event: 0.604 loading class javax/swing/event/DocumentEvent$ElementChange done


Dynamic libraries:
0x00007ff75d200000 - 0x00007ff75d20d000 	C:\Users\bvarg\.p2\pool\plugins\org.eclipse.justj.openjdk.hotspot.jre.full.win32.x86_64_15.0.2.v20210201-0955\jre\bin\javaw.exe
0x00007ff9ba5d0000 - 0x00007ff9ba7c8000 	C:\Windows\SYSTEM32\ntdll.dll
0x00007ff9ba2c0000 - 0x00007ff9ba382000 	C:\Windows\System32\KERNEL32.DLL
0x00007ff9b8240000 - 0x00007ff9b853e000 	C:\Windows\System32\KERNELBASE.dll
0x00007ff9b7f70000 - 0x00007ff9b8070000 	C:\Windows\System32\ucrtbase.dll
0x00007ff9a3780000 - 0x00007ff9a3799000 	C:\Users\bvarg\.p2\pool\plugins\org.eclipse.justj.openjdk.hotspot.jre.full.win32.x86_64_15.0.2.v20210201-0955\jre\bin\VCRUNTIME140.dll
0x00007ff9a3760000 - 0x00007ff9a3778000 	C:\Users\bvarg\.p2\pool\plugins\org.eclipse.justj.openjdk.hotspot.jre.full.win32.x86_64_15.0.2.v20210201-0955\jre\bin\jli.dll
0x00007ff9b9990000 - 0x00007ff9b9b2d000 	C:\Windows\System32\USER32.dll
0x00007ff9b8570000 - 0x00007ff9b8592000 	C:\Windows\System32\win32u.dll
0x00007ff9b9170000 - 0x00007ff9b919b000 	C:\Windows\System32\GDI32.dll
0x00007ff9b7e50000 - 0x00007ff9b7f67000 	C:\Windows\System32\gdi32full.dll
0x00007ff9a9c00000 - 0x00007ff9a9e9a000 	C:\Windows\WinSxS\amd64_microsoft.windows.common-controls_6595b64144ccf1df_6.0.19041.4355_none_60b8b9eb71f62e16\COMCTL32.dll
0x00007ff9b7db0000 - 0x00007ff9b7e4d000 	C:\Windows\System32\msvcp_win.dll
0x00007ff9ba0f0000 - 0x00007ff9ba18e000 	C:\Windows\System32\msvcrt.dll
0x00007ff9b9f10000 - 0x00007ff9b9f3f000 	C:\Windows\System32\IMM32.DLL
0x00007ff96c640000 - 0x00007ff96c64c000 	C:\Users\bvarg\.p2\pool\plugins\org.eclipse.justj.openjdk.hotspot.jre.full.win32.x86_64_15.0.2.v20210201-0955\jre\bin\vcruntime140_1.dll
0x00007ff8dc2a0000 - 0x00007ff8dc331000 	C:\Users\bvarg\.p2\pool\plugins\org.eclipse.justj.openjdk.hotspot.jre.full.win32.x86_64_15.0.2.v20210201-0955\jre\bin\msvcp140.dll
0x00007ff8dc6c0000 - 0x00007ff8dd21e000 	C:\Users\bvarg\.p2\pool\plugins\org.eclipse.justj.openjdk.hotspot.jre.full.win32.x86_64_15.0.2.v20210201-0955\jre\bin\server\jvm.dll
0x00007ff9b88e0000 - 0x00007ff9b8991000 	C:\Windows\System32\ADVAPI32.dll
0x00007ff9b8730000 - 0x00007ff9b87cf000 	C:\Windows\System32\sechost.dll
0x00007ff9ba190000 - 0x00007ff9ba2b3000 	C:\Windows\System32\RPCRT4.dll
0x00007ff9b8540000 - 0x00007ff9b8567000 	C:\Windows\System32\bcrypt.dll
0x00007ff9b9970000 - 0x00007ff9b9978000 	C:\Windows\System32\PSAPI.DLL
0x00007ff997b50000 - 0x00007ff997b59000 	C:\Windows\SYSTEM32\WSOCK32.dll
0x00007ff9aa550000 - 0x00007ff9aa577000 	C:\Windows\SYSTEM32\WINMM.dll
0x00007ff9b9c00000 - 0x00007ff9b9c6b000 	C:\Windows\System32\WS2_32.dll
0x00007ff9b0220000 - 0x00007ff9b022a000 	C:\Windows\SYSTEM32\VERSION.dll
0x00007ff9b6470000 - 0x00007ff9b6482000 	C:\Windows\SYSTEM32\kernel.appcore.dll
0x00007ff9afdc0000 - 0x00007ff9afdca000 	C:\Users\bvarg\.p2\pool\plugins\org.eclipse.justj.openjdk.hotspot.jre.full.win32.x86_64_15.0.2.v20210201-0955\jre\bin\jimage.dll
0x00007ff9b5aa0000 - 0x00007ff9b5c84000 	C:\Windows\SYSTEM32\DBGHELP.DLL
0x00007ff99b860000 - 0x00007ff99b894000 	C:\Windows\SYSTEM32\dbgcore.DLL
0x00007ff9b7c70000 - 0x00007ff9b7cf2000 	C:\Windows\System32\bcryptPrimitives.dll
0x00007ff8f4f30000 - 0x00007ff8f4f55000 	C:\Users\bvarg\.p2\pool\plugins\org.eclipse.justj.openjdk.hotspot.jre.full.win32.x86_64_15.0.2.v20210201-0955\jre\bin\java.dll
0x00007ff91f4a0000 - 0x00007ff91f4b8000 	C:\Users\bvarg\.p2\pool\plugins\org.eclipse.justj.openjdk.hotspot.jre.full.win32.x86_64_15.0.2.v20210201-0955\jre\bin\zip.dll
0x00007ff9b8a00000 - 0x00007ff9b916d000 	C:\Windows\System32\SHELL32.dll
0x00007ff9b5cb0000 - 0x00007ff9b6454000 	C:\Windows\SYSTEM32\windows.storage.dll
0x00007ff9b9610000 - 0x00007ff9b9963000 	C:\Windows\System32\combase.dll
0x00007ff9b75c0000 - 0x00007ff9b75ee000 	C:\Windows\SYSTEM32\Wldp.dll
0x00007ff9b9b30000 - 0x00007ff9b9bfd000 	C:\Windows\System32\OLEAUT32.dll
0x00007ff9b9e60000 - 0x00007ff9b9f0d000 	C:\Windows\System32\SHCORE.dll
0x00007ff9b9e00000 - 0x00007ff9b9e55000 	C:\Windows\System32\shlwapi.dll
0x00007ff9b7ba0000 - 0x00007ff9b7bc4000 	C:\Windows\SYSTEM32\profapi.dll
0x00007ff91edf0000 - 0x00007ff91ee09000 	C:\Users\bvarg\.p2\pool\plugins\org.eclipse.justj.openjdk.hotspot.jre.full.win32.x86_64_15.0.2.v20210201-0955\jre\bin\net.dll
0x00007ff9ae3d0000 - 0x00007ff9ae4dd000 	C:\Windows\SYSTEM32\WINHTTP.dll
0x00007ff9b73a0000 - 0x00007ff9b740a000 	C:\Windows\system32\mswsock.dll
0x00007ff8fe930000 - 0x00007ff8fe942000 	C:\Users\bvarg\.p2\pool\plugins\org.eclipse.justj.openjdk.hotspot.jre.full.win32.x86_64_15.0.2.v20210201-0955\jre\bin\nio.dll
0x00007ff8dc480000 - 0x00007ff8dc5ff000 	C:\Users\bvarg\.p2\pool\plugins\org.eclipse.justj.openjdk.hotspot.jre.full.win32.x86_64_15.0.2.v20210201-0955\jre\bin\awt.dll
0x00007ff9b2890000 - 0x00007ff9b2924000 	C:\Windows\SYSTEM32\apphelp.dll
0x00007ff9b5500000 - 0x00007ff9b552f000 	C:\Windows\system32\DWMAPI.DLL
0x00007ff9b52f0000 - 0x00007ff9b538e000 	C:\Windows\system32\uxtheme.dll
0x00007ff983f80000 - 0x00007ff9840a8000 	C:\Windows\system32\opengl32.dll
0x00007ff9852e0000 - 0x00007ff98530c000 	C:\Windows\SYSTEM32\GLU32.dll
0x00007ff9b85f0000 - 0x00007ff9b8705000 	C:\Windows\System32\MSCTF.dll
0x00007ff9b9c70000 - 0x00007ff9b9d9b000 	C:\Windows\System32\ole32.dll
0x00007ff989380000 - 0x00007ff989551000 	C:\Windows\system32\d3d9.dll
0x00007ff9ab1f0000 - 0x00007ff9ab2b1000 	C:\Windows\System32\DriverStore\FileRepository\nv_dispig.inf_amd64_0afec3f2050014a0\nvldumdx.dll
0x00007ff9b7830000 - 0x00007ff9b7842000 	C:\Windows\SYSTEM32\msasn1.dll
0x00007ff9b0180000 - 0x00007ff9b01b1000 	C:\Windows\SYSTEM32\cryptnet.dll
0x00007ff9b8070000 - 0x00007ff9b81cc000 	C:\Windows\System32\CRYPT32.dll
0x00007ff9b7530000 - 0x00007ff9b753c000 	C:\Windows\SYSTEM32\cryptbase.dll
0x00007ff9afed0000 - 0x00007ff9b0017000 	C:\Windows\SYSTEM32\drvstore.dll
0x00007ff9b7a00000 - 0x00007ff9b7a33000 	C:\Windows\SYSTEM32\devobj.dll
0x00007ff9b85a0000 - 0x00007ff9b85ee000 	C:\Windows\System32\cfgmgr32.dll
0x00007ff9b81d0000 - 0x00007ff9b8239000 	C:\Windows\System32\wintrust.dll
0x00007ff9b8710000 - 0x00007ff9b872d000 	C:\Windows\System32\imagehlp.dll
0x00007ff9b7600000 - 0x00007ff9b7618000 	C:\Windows\SYSTEM32\CRYPTSP.dll
0x00007ff9b6c70000 - 0x00007ff9b6ca4000 	C:\Windows\system32\rsaenh.dll
0x00007ff9a5620000 - 0x00007ff9a760e000 	C:\Windows\System32\DriverStore\FileRepository\nv_dispig.inf_amd64_0afec3f2050014a0\nvgpucomp64.dll
0x00007ff9660a0000 - 0x00007ff967b34000 	C:\Windows\System32\DriverStore\FileRepository\nv_dispig.inf_amd64_0afec3f2050014a0\nvd3dumx.dll
0x00007ff933b30000 - 0x00007ff933e2d000 	C:\Windows\system32\nvspcap64.dll
0x00007ff9b6ec0000 - 0x00007ff9b6ef3000 	C:\Windows\SYSTEM32\ntmarta.dll
0x00007ff9b6490000 - 0x00007ff9b64b3000 	C:\Windows\SYSTEM32\gpapi.dll
0x00007ff984520000 - 0x00007ff984675000 	C:\Windows\System32\DriverStore\FileRepository\nv_dispig.inf_amd64_0afec3f2050014a0\nvppex.dll
0x00007ff9b1470000 - 0x00007ff9b14ab000 	C:\Windows\SYSTEM32\dxcore.dll
0x00007ff8dc3f0000 - 0x00007ff8dc475000 	C:\Users\bvarg\.p2\pool\plugins\org.eclipse.justj.openjdk.hotspot.jre.full.win32.x86_64_15.0.2.v20210201-0955\jre\bin\freetype.dll
0x00007ff8dc340000 - 0x00007ff8dc3e9000 	C:\Users\bvarg\.p2\pool\plugins\org.eclipse.justj.openjdk.hotspot.jre.full.win32.x86_64_15.0.2.v20210201-0955\jre\bin\fontmanager.dll

dbghelp: loaded successfully - version: 4.0.5 - missing functions: none
symbol engine: initialized successfully - sym options: 0x614 - pdb path: .;C:\Users\bvarg\.p2\pool\plugins\org.eclipse.justj.openjdk.hotspot.jre.full.win32.x86_64_15.0.2.v20210201-0955\jre\bin;C:\Windows\SYSTEM32;C:\Windows\WinSxS\amd64_microsoft.windows.common-controls_6595b64144ccf1df_6.0.19041.4355_none_60b8b9eb71f62e16;C:\Users\bvarg\.p2\pool\plugins\org.eclipse.justj.openjdk.hotspot.jre.full.win32.x86_64_15.0.2.v20210201-0955\jre\bin\server;C:\Windows\System32\DriverStore\FileRepository\nv_dispig.inf_amd64_0afec3f2050014a0

VM Arguments:
jvm_args: -Dfile.encoding=Cp1252 --module-path=C:\Librerias\java-json.jar -XX:+ShowCodeDetailsInExceptionMessages 
java_command: ai.imagen.variable.generator.CustomSymlinkUI
java_class_path (initial): C:\Users\bvarg\eclipse-workspace\ai_imagen_variable_generator\bin
Launcher Type: SUN_STANDARD

[Global flags]
     intx CICompilerCount                          = 12                                        {product} {ergonomic}
     uint ConcGCThreads                            = 3                                         {product} {ergonomic}
     uint G1ConcRefinementThreads                  = 13                                        {product} {ergonomic}
   size_t G1HeapRegionSize                         = 2097152                                   {product} {ergonomic}
    uintx GCDrainStackTargetSize                   = 64                                        {product} {ergonomic}
   size_t InitialHeapSize                          = 266338304                                 {product} {ergonomic}
   size_t MarkStackSize                            = 4194304                                   {product} {ergonomic}
   size_t MaxHeapSize                              = 4255121408                                {product} {ergonomic}
   size_t MaxNewSize                               = 2552233984                                {product} {ergonomic}
   size_t MinHeapDeltaBytes                        = 2097152                                   {product} {ergonomic}
   size_t MinHeapSize                              = 8388608                                   {product} {ergonomic}
    uintx NonNMethodCodeHeapSize                   = 7602480                                {pd product} {ergonomic}
    uintx NonProfiledCodeHeapSize                  = 122027880                              {pd product} {ergonomic}
    uintx ProfiledCodeHeapSize                     = 122027880                              {pd product} {ergonomic}
    uintx ReservedCodeCacheSize                    = 251658240                              {pd product} {ergonomic}
     bool SegmentedCodeCache                       = true                                      {product} {ergonomic}
     bool ShowCodeDetailsInExceptionMessages       = true                                   {manageable} {command line}
   size_t SoftMaxHeapSize                          = 4255121408                             {manageable} {ergonomic}
     bool UseCompressedClassPointers               = true                                 {lp64_product} {ergonomic}
     bool UseCompressedOops                        = true                                 {lp64_product} {ergonomic}
     bool UseG1GC                                  = true                                      {product} {ergonomic}
     bool UseLargePagesIndividualAllocation        = false                                  {pd product} {ergonomic}

Logging:
Log output configuration:
 #0: stdout all=warning uptime,level,tags
 #1: stderr all=off uptime,level,tags

Environment Variables:
PATH=C:/Users/bvarg/.p2/pool/plugins/org.eclipse.justj.openjdk.hotspot.jre.full.win32.x86_64_15.0.2.v20210201-0955/jre/bin/server;C:/Users/bvarg/.p2/pool/plugins/org.eclipse.justj.openjdk.hotspot.jre.full.win32.x86_64_15.0.2.v20210201-0955/jre/bin;C:\Program Files\Common Files\Oracle\Java\javapath;C:\Program Files (x86)\Common Files\Oracle\Java\java8path;C:\Program Files (x86)\Common Files\Oracle\Java\javapath;C:\Python312\Scripts\;C:\Python312\;C:\Windows\system32;C:\Windows;C:\Windows\System32\Wbem;C:\Windows\System32\WindowsPowerShell\v1.0\;C:\Windows\System32\OpenSSH\;C:\Program Files (x86)\Intel\Intel(R) Management Engine Components\DAL;C:\Program Files\Intel\Intel(R) Management Engine Components\DAL;C:\Librerias\opencv\build\x64\vc15\bin;C:\Program Files\Microsoft SQL Server\Client SDK\ODBC\170\Tools\Binn\;C:\Program Files\dotnet\;C:\Program Files\Git\cmd;C:\Program Files (x86)\NVIDIA Corporation\PhysX\Common;C:\Program Files\nodejs\;C:\ProgramData\chocolatey\bin;C:\Program Files\Microsoft SQL Server\150\Tools\Binn\;C:\Program Files\NVIDIA Corporation\NVIDIA app\NvDLISR;C:\Program Files\Docker\Docker\resources\bin;C:\Users\bvarg\AppData\Local\Programs\Python\Python310\Scripts\;C:\Users\bvarg\AppData\Local\Programs\Python\Python310\;C:\Users\bvarg\AppData\Local\Microsoft\WindowsApps;C:\Users\bvarg\AppData\Local\GitHubDesktop\bin;C:\Users\bvarg\AppData\Local\Programs\Microsoft VS Code\bin;C:\Users\bvarg\.dotnet\tools;C:\Users\bvarg\AppData\Local\Programs\MiKTeX\miktex\bin\x64\;C:\Users\bvarg\AppData\Roaming\npm;C:\Windows\system32;
USERNAME=bvarg
OS=Windows_NT
PROCESSOR_IDENTIFIER=Intel64 Family 6 Model 158 Stepping 13, GenuineIntel



---------------  S Y S T E M  ---------------

OS:
 Windows 10 , 64 bit Build 19041 (10.0.19041.5072)
OS uptime: 1 days 4:19 hours
HyperV virtualization detected

CPU: total 16 (initial active 16) (8 cores per cpu, 2 threads per core) family 6 model 158 stepping 13 microcode 0xca, cmov, cx8, fxsr, mmx, sse, sse2, sse3, ssse3, sse4.1, sse4.2, popcnt, vzeroupper, avx, avx2, aes, clmul, erms, 3dnowpref, lzcnt, ht, tsc, tscinvbit, bmi1, bmi2, adx, fma, clflush, clflushopt

Memory: 4k page, system-wide physical 16231M (4350M free)
TotalPageFile size 61231M (AvailPageFile size 3M)
current process WorkingSet (physical memory assigned to process): 85M, peak: 85M
current process commit charge ("private bytes"): 394M, peak: 394M

vm_info: OpenJDK 64-Bit Server VM (15.0.2+7-27) for windows-amd64 JRE (15.0.2+7-27), built on Dec  7 2020 20:02:38 by "mach5one" with unknown MS VC++:1925

END.
